0 info it worked if it ends with ok
1 verbose cli [ 'F:\\nodejs-v0.12.7\\node.exe',
1 verbose cli   'C:\\Users\\Administrator\\AppData\\Roaming\\npm\\node_modules\\npm\\bin\\npm-cli.js',
1 verbose cli   'install' ]
2 info using npm@3.8.6
3 info using node@v5.6.0
4 silly loadCurrentTree Starting
5 silly install loadCurrentTree
6 silly install readLocalPackageData
7 silly install normalizeTree
8 silly loadCurrentTree Finishing
9 silly loadIdealTree Starting
10 silly install loadIdealTree
11 silly cloneCurrentTree Starting
12 silly install cloneCurrentTreeToIdealTree
13 silly cloneCurrentTree Finishing
14 silly loadShrinkwrap Starting
15 silly install loadShrinkwrap
16 silly loadShrinkwrap Finishing
17 silly loadAllDepsIntoIdealTree Starting
18 silly install loadAllDepsIntoIdealTree
19 silly fetchNamedPackageData react-native
20 silly mapToRegistry name react-native
21 silly mapToRegistry using default registry
22 silly mapToRegistry registry http://registry.npmjs.org/
23 silly mapToRegistry data Result {
23 silly mapToRegistry   raw: 'react-native',
23 silly mapToRegistry   scope: null,
23 silly mapToRegistry   name: 'react-native',
23 silly mapToRegistry   rawSpec: '',
23 silly mapToRegistry   spec: 'latest',
23 silly mapToRegistry   type: 'tag' }
24 silly mapToRegistry uri http://registry.npmjs.org/react-native
25 silly fetchNamedPackageData react-redux
26 silly mapToRegistry name react-redux
27 silly mapToRegistry using default registry
28 silly mapToRegistry registry http://registry.npmjs.org/
29 silly mapToRegistry data Result {
29 silly mapToRegistry   raw: 'react-redux',
29 silly mapToRegistry   scope: null,
29 silly mapToRegistry   name: 'react-redux',
29 silly mapToRegistry   rawSpec: '',
29 silly mapToRegistry   spec: 'latest',
29 silly mapToRegistry   type: 'tag' }
30 silly mapToRegistry uri http://registry.npmjs.org/react-redux
31 silly fetchNamedPackageData redux
32 silly mapToRegistry name redux
33 silly mapToRegistry using default registry
34 silly mapToRegistry registry http://registry.npmjs.org/
35 silly mapToRegistry data Result {
35 silly mapToRegistry   raw: 'redux',
35 silly mapToRegistry   scope: null,
35 silly mapToRegistry   name: 'redux',
35 silly mapToRegistry   rawSpec: '',
35 silly mapToRegistry   spec: 'latest',
35 silly mapToRegistry   type: 'tag' }
36 silly mapToRegistry uri http://registry.npmjs.org/redux
37 silly fetchNamedPackageData redux-thunk
38 silly mapToRegistry name redux-thunk
39 silly mapToRegistry using default registry
40 silly mapToRegistry registry http://registry.npmjs.org/
41 silly mapToRegistry data Result {
41 silly mapToRegistry   raw: 'redux-thunk',
41 silly mapToRegistry   scope: null,
41 silly mapToRegistry   name: 'redux-thunk',
41 silly mapToRegistry   rawSpec: '',
41 silly mapToRegistry   spec: 'latest',
41 silly mapToRegistry   type: 'tag' }
42 silly mapToRegistry uri http://registry.npmjs.org/redux-thunk
43 verbose request uri http://registry.npmjs.org/react-native
44 verbose request no auth needed
45 info attempt registry request try #1 at 22:29:43
46 verbose request id 56df73cde2db9bcc
47 http request GET http://registry.npmjs.org/react-native
48 verbose request uri http://registry.npmjs.org/react-redux
49 verbose request no auth needed
50 info attempt registry request try #1 at 22:29:43
51 http request GET http://registry.npmjs.org/react-redux
52 verbose request uri http://registry.npmjs.org/redux
53 verbose request no auth needed
54 info attempt registry request try #1 at 22:29:43
55 http request GET http://registry.npmjs.org/redux
56 verbose request uri http://registry.npmjs.org/redux-thunk
57 verbose request no auth needed
58 info attempt registry request try #1 at 22:29:43
59 http request GET http://registry.npmjs.org/redux-thunk
60 http 200 http://registry.npmjs.org/react-redux
61 verbose headers { 'content-length': '12566',
61 verbose headers   etag: '"4DULRYECKJ9LMGY52EGTT5QKZ"',
61 verbose headers   date: 'Thu, 05 May 2016 14:29:43 GMT',
61 verbose headers   'cache-control': 'max-age=300',
61 verbose headers   server: 'CouchDB/1.5.0 (Erlang OTP/R16B03)',
61 verbose headers   'content-type': 'application/json',
61 verbose headers   'content-encoding': 'gzip',
61 verbose headers   'accept-ranges': 'bytes',
61 verbose headers   'x-served-by': 'cache-lax1423-LAX',
61 verbose headers   'x-cache': 'HIT',
61 verbose headers   'x-cache-hits': '1',
61 verbose headers   'x-timer': 'S1462458583.313248,VS0,VE0',
61 verbose headers   vary: 'Accept-Encoding',
61 verbose headers   age: '210',
61 verbose headers   connection: 'keep-alive' }
62 silly get cb [ 200,
62 silly get   { 'content-length': '12566',
62 silly get     etag: '"4DULRYECKJ9LMGY52EGTT5QKZ"',
62 silly get     date: 'Thu, 05 May 2016 14:29:43 GMT',
62 silly get     'cache-control': 'max-age=300',
62 silly get     server: 'CouchDB/1.5.0 (Erlang OTP/R16B03)',
62 silly get     'content-type': 'application/json',
62 silly get     'content-encoding': 'gzip',
62 silly get     'accept-ranges': 'bytes',
62 silly get     'x-served-by': 'cache-lax1423-LAX',
62 silly get     'x-cache': 'HIT',
62 silly get     'x-cache-hits': '1',
62 silly get     'x-timer': 'S1462458583.313248,VS0,VE0',
62 silly get     vary: 'Accept-Encoding',
62 silly get     age: '210',
62 silly get     connection: 'keep-alive' } ]
63 verbose get saving react-redux to C:\Users\Administrator\AppData\Roaming\npm-cache\registry.npmjs.org\react-redux\.cache.json
64 verbose correctMkdir C:\Users\Administrator\AppData\Roaming\npm-cache correctMkdir not in flight; initializing
65 silly resolveWithNewModule react-redux@4.4.0 checking installable status
66 silly cache add args [ 'react-redux@4.4.0', null ]
67 verbose cache add spec react-redux@4.4.0
68 silly cache add parsed spec Result {
68 silly cache add   raw: 'react-redux@4.4.0',
68 silly cache add   scope: null,
68 silly cache add   name: 'react-redux',
68 silly cache add   rawSpec: '4.4.0',
68 silly cache add   spec: '4.4.0',
68 silly cache add   type: 'version' }
69 silly addNamed react-redux@4.4.0
70 verbose addNamed "4.4.0" is a plain semver version for react-redux
71 silly mapToRegistry name react-redux
72 silly mapToRegistry using default registry
73 silly mapToRegistry registry http://registry.npmjs.org/
74 silly mapToRegistry data Result {
74 silly mapToRegistry   raw: 'react-redux',
74 silly mapToRegistry   scope: null,
74 silly mapToRegistry   name: 'react-redux',
74 silly mapToRegistry   rawSpec: '',
74 silly mapToRegistry   spec: 'latest',
74 silly mapToRegistry   type: 'tag' }
75 silly mapToRegistry uri http://registry.npmjs.org/react-redux
76 verbose addNameVersion registry:http://registry.npmjs.org/react-redux not in flight; fetching
77 verbose get http://registry.npmjs.org/react-redux not expired, no request
78 silly mapToRegistry name react-redux
79 silly mapToRegistry using default registry
80 silly mapToRegistry registry http://registry.npmjs.org/
81 silly mapToRegistry data Result {
81 silly mapToRegistry   raw: 'react-redux',
81 silly mapToRegistry   scope: null,
81 silly mapToRegistry   name: 'react-redux',
81 silly mapToRegistry   rawSpec: '',
81 silly mapToRegistry   spec: 'latest',
81 silly mapToRegistry   type: 'tag' }
82 silly mapToRegistry uri http://registry.npmjs.org/react-redux
83 verbose addRemoteTarball http://registry.npmjs.org/react-redux/-/react-redux-4.4.0.tgz not in flight; adding
84 verbose addRemoteTarball [ 'http://registry.npmjs.org/react-redux/-/react-redux-4.4.0.tgz',
84 verbose addRemoteTarball   'c272eecb6552a077f91a007ec08880ae1748dd7c' ]
85 info retry fetch attempt 1 at 22:29:44
86 info attempt registry request try #1 at 22:29:44
87 http fetch GET http://registry.npmjs.org/react-redux/-/react-redux-4.4.0.tgz
88 http 200 http://registry.npmjs.org/redux
89 verbose headers { 'content-length': '19474',
89 verbose headers   etag: '"C55X3FFI1HVVYHJP4VOLZBDZW"',
89 verbose headers   date: 'Thu, 05 May 2016 14:29:43 GMT',
89 verbose headers   'cache-control': 'max-age=300',
89 verbose headers   server: 'CouchDB/1.5.0 (Erlang OTP/R16B03)',
89 verbose headers   'content-type': 'application/json',
89 verbose headers   'content-encoding': 'gzip',
89 verbose headers   'accept-ranges': 'bytes',
89 verbose headers   'x-served-by': 'cache-lax1423-LAX',
89 verbose headers   'x-cache': 'HIT',
89 verbose headers   'x-cache-hits': '1',
89 verbose headers   'x-timer': 'S1462458583.738740,VS0,VE0',
89 verbose headers   vary: 'Accept-Encoding',
89 verbose headers   age: '209',
89 verbose headers   connection: 'keep-alive' }
90 silly get cb [ 200,
90 silly get   { 'content-length': '19474',
90 silly get     etag: '"C55X3FFI1HVVYHJP4VOLZBDZW"',
90 silly get     date: 'Thu, 05 May 2016 14:29:43 GMT',
90 silly get     'cache-control': 'max-age=300',
90 silly get     server: 'CouchDB/1.5.0 (Erlang OTP/R16B03)',
90 silly get     'content-type': 'application/json',
90 silly get     'content-encoding': 'gzip',
90 silly get     'accept-ranges': 'bytes',
90 silly get     'x-served-by': 'cache-lax1423-LAX',
90 silly get     'x-cache': 'HIT',
90 silly get     'x-cache-hits': '1',
90 silly get     'x-timer': 'S1462458583.738740,VS0,VE0',
90 silly get     vary: 'Accept-Encoding',
90 silly get     age: '209',
90 silly get     connection: 'keep-alive' } ]
91 verbose get saving redux to C:\Users\Administrator\AppData\Roaming\npm-cache\registry.npmjs.org\redux\.cache.json
92 verbose correctMkdir C:\Users\Administrator\AppData\Roaming\npm-cache correctMkdir not in flight; initializing
93 silly resolveWithNewModule redux@3.3.1 checking installable status
94 silly cache add args [ 'redux@3.3.1', null ]
95 verbose cache add spec redux@3.3.1
96 silly cache add parsed spec Result {
96 silly cache add   raw: 'redux@3.3.1',
96 silly cache add   scope: null,
96 silly cache add   name: 'redux',
96 silly cache add   rawSpec: '3.3.1',
96 silly cache add   spec: '3.3.1',
96 silly cache add   type: 'version' }
97 silly addNamed redux@3.3.1
98 verbose addNamed "3.3.1" is a plain semver version for redux
99 silly mapToRegistry name redux
100 silly mapToRegistry using default registry
101 silly mapToRegistry registry http://registry.npmjs.org/
102 silly mapToRegistry data Result {
102 silly mapToRegistry   raw: 'redux',
102 silly mapToRegistry   scope: null,
102 silly mapToRegistry   name: 'redux',
102 silly mapToRegistry   rawSpec: '',
102 silly mapToRegistry   spec: 'latest',
102 silly mapToRegistry   type: 'tag' }
103 silly mapToRegistry uri http://registry.npmjs.org/redux
104 verbose addNameVersion registry:http://registry.npmjs.org/redux not in flight; fetching
105 verbose get http://registry.npmjs.org/redux not expired, no request
106 silly mapToRegistry name redux
107 silly mapToRegistry using default registry
108 silly mapToRegistry registry http://registry.npmjs.org/
109 silly mapToRegistry data Result {
109 silly mapToRegistry   raw: 'redux',
109 silly mapToRegistry   scope: null,
109 silly mapToRegistry   name: 'redux',
109 silly mapToRegistry   rawSpec: '',
109 silly mapToRegistry   spec: 'latest',
109 silly mapToRegistry   type: 'tag' }
110 silly mapToRegistry uri http://registry.npmjs.org/redux
111 verbose addRemoteTarball http://registry.npmjs.org/redux/-/redux-3.3.1.tgz not in flight; adding
112 verbose addRemoteTarball [ 'http://registry.npmjs.org/redux/-/redux-3.3.1.tgz',
112 verbose addRemoteTarball   '716df8004786deaf01c93ae396c84fc1041e424b' ]
113 info retry fetch attempt 1 at 22:29:45
114 info attempt registry request try #1 at 22:29:45
115 http fetch GET http://registry.npmjs.org/redux/-/redux-3.3.1.tgz
116 http 200 http://registry.npmjs.org/redux-thunk
117 verbose headers { 'content-length': '5369',
117 verbose headers   etag: '"AQAS9YOS626BBFJG4CWZ8DIVB"',
117 verbose headers   date: 'Thu, 05 May 2016 14:29:43 GMT',
117 verbose headers   'cache-control': 'max-age=300',
117 verbose headers   server: 'CouchDB/1.5.0 (Erlang OTP/R16B03)',
117 verbose headers   'content-type': 'application/json',
117 verbose headers   'content-encoding': 'gzip',
117 verbose headers   'accept-ranges': 'bytes',
117 verbose headers   'x-served-by': 'cache-lax1423-LAX',
117 verbose headers   'x-cache': 'HIT',
117 verbose headers   'x-cache-hits': '4',
117 verbose headers   'x-timer': 'S1462458583.739416,VS0,VE0',
117 verbose headers   vary: 'Accept-Encoding',
117 verbose headers   age: '95',
117 verbose headers   connection: 'keep-alive' }
118 silly get cb [ 200,
118 silly get   { 'content-length': '5369',
118 silly get     etag: '"AQAS9YOS626BBFJG4CWZ8DIVB"',
118 silly get     date: 'Thu, 05 May 2016 14:29:43 GMT',
118 silly get     'cache-control': 'max-age=300',
118 silly get     server: 'CouchDB/1.5.0 (Erlang OTP/R16B03)',
118 silly get     'content-type': 'application/json',
118 silly get     'content-encoding': 'gzip',
118 silly get     'accept-ranges': 'bytes',
118 silly get     'x-served-by': 'cache-lax1423-LAX',
118 silly get     'x-cache': 'HIT',
118 silly get     'x-cache-hits': '4',
118 silly get     'x-timer': 'S1462458583.739416,VS0,VE0',
118 silly get     vary: 'Accept-Encoding',
118 silly get     age: '95',
118 silly get     connection: 'keep-alive' } ]
119 verbose get saving redux-thunk to C:\Users\Administrator\AppData\Roaming\npm-cache\registry.npmjs.org\redux-thunk\.cache.json
120 verbose correctMkdir C:\Users\Administrator\AppData\Roaming\npm-cache correctMkdir not in flight; initializing
121 silly resolveWithNewModule redux-thunk@1.0.3 checking installable status
122 silly cache add args [ 'redux-thunk@1.0.3', null ]
123 verbose cache add spec redux-thunk@1.0.3
124 silly cache add parsed spec Result {
124 silly cache add   raw: 'redux-thunk@1.0.3',
124 silly cache add   scope: null,
124 silly cache add   name: 'redux-thunk',
124 silly cache add   rawSpec: '1.0.3',
124 silly cache add   spec: '1.0.3',
124 silly cache add   type: 'version' }
125 silly addNamed redux-thunk@1.0.3
126 verbose addNamed "1.0.3" is a plain semver version for redux-thunk
127 silly mapToRegistry name redux-thunk
128 silly mapToRegistry using default registry
129 silly mapToRegistry registry http://registry.npmjs.org/
130 silly mapToRegistry data Result {
130 silly mapToRegistry   raw: 'redux-thunk',
130 silly mapToRegistry   scope: null,
130 silly mapToRegistry   name: 'redux-thunk',
130 silly mapToRegistry   rawSpec: '',
130 silly mapToRegistry   spec: 'latest',
130 silly mapToRegistry   type: 'tag' }
131 silly mapToRegistry uri http://registry.npmjs.org/redux-thunk
132 verbose addNameVersion registry:http://registry.npmjs.org/redux-thunk not in flight; fetching
133 verbose get http://registry.npmjs.org/redux-thunk not expired, no request
134 silly mapToRegistry name redux-thunk
135 silly mapToRegistry using default registry
136 silly mapToRegistry registry http://registry.npmjs.org/
137 silly mapToRegistry data Result {
137 silly mapToRegistry   raw: 'redux-thunk',
137 silly mapToRegistry   scope: null,
137 silly mapToRegistry   name: 'redux-thunk',
137 silly mapToRegistry   rawSpec: '',
137 silly mapToRegistry   spec: 'latest',
137 silly mapToRegistry   type: 'tag' }
138 silly mapToRegistry uri http://registry.npmjs.org/redux-thunk
139 verbose addRemoteTarball http://registry.npmjs.org/redux-thunk/-/redux-thunk-1.0.3.tgz not in flight; adding
140 verbose addRemoteTarball [ 'http://registry.npmjs.org/redux-thunk/-/redux-thunk-1.0.3.tgz',
140 verbose addRemoteTarball   '778aa0099eea0595031ab6b39165f6670d8d26bd' ]
141 info retry fetch attempt 1 at 22:29:46
142 info attempt registry request try #1 at 22:29:46
143 http fetch GET http://registry.npmjs.org/redux-thunk/-/redux-thunk-1.0.3.tgz
144 http fetch 200 http://registry.npmjs.org/react-redux/-/react-redux-4.4.0.tgz
145 http fetch 200 http://registry.npmjs.org/redux/-/redux-3.3.1.tgz
146 silly fetchAndShaCheck shasum c272eecb6552a077f91a007ec08880ae1748dd7c
147 verbose addTmpTarball C:\Users\ADMINI~1\AppData\Local\Temp\npm-53456-46d15997\registry.npmjs.org\react-redux\-\react-redux-4.4.0.tgz not in flight; adding
148 verbose addTmpTarball already have metadata; skipping unpack for react-redux@4.4.0
149 verbose correctMkdir C:\Users\Administrator\AppData\Roaming\npm-cache correctMkdir not in flight; initializing
150 silly cache afterAdd react-redux@4.4.0
151 verbose afterAdd C:\Users\Administrator\AppData\Roaming\npm-cache\react-redux\4.4.0\package\package.json not in flight; writing
152 verbose correctMkdir C:\Users\Administrator\AppData\Roaming\npm-cache correctMkdir not in flight; initializing
153 verbose afterAdd C:\Users\Administrator\AppData\Roaming\npm-cache\react-redux\4.4.0\package\package.json written
154 silly fetchAndShaCheck shasum 716df8004786deaf01c93ae396c84fc1041e424b
155 verbose addTmpTarball C:\Users\ADMINI~1\AppData\Local\Temp\npm-53456-46d15997\registry.npmjs.org\redux\-\redux-3.3.1.tgz not in flight; adding
156 verbose addTmpTarball already have metadata; skipping unpack for redux@3.3.1
157 verbose correctMkdir C:\Users\Administrator\AppData\Roaming\npm-cache correctMkdir not in flight; initializing
158 silly cache afterAdd redux@3.3.1
159 verbose afterAdd C:\Users\Administrator\AppData\Roaming\npm-cache\redux\3.3.1\package\package.json not in flight; writing
160 verbose correctMkdir C:\Users\Administrator\AppData\Roaming\npm-cache correctMkdir not in flight; initializing
161 verbose afterAdd C:\Users\Administrator\AppData\Roaming\npm-cache\redux\3.3.1\package\package.json written
162 http fetch 200 http://registry.npmjs.org/redux-thunk/-/redux-thunk-1.0.3.tgz
163 silly fetchAndShaCheck shasum 778aa0099eea0595031ab6b39165f6670d8d26bd
164 verbose addTmpTarball C:\Users\ADMINI~1\AppData\Local\Temp\npm-53456-46d15997\registry.npmjs.org\redux-thunk\-\redux-thunk-1.0.3.tgz not in flight; adding
165 verbose addTmpTarball already have metadata; skipping unpack for redux-thunk@1.0.3
166 verbose correctMkdir C:\Users\Administrator\AppData\Roaming\npm-cache correctMkdir not in flight; initializing
167 silly cache afterAdd redux-thunk@1.0.3
168 verbose afterAdd C:\Users\Administrator\AppData\Roaming\npm-cache\redux-thunk\1.0.3\package\package.json not in flight; writing
169 verbose correctMkdir C:\Users\Administrator\AppData\Roaming\npm-cache correctMkdir not in flight; initializing
170 verbose afterAdd C:\Users\Administrator\AppData\Roaming\npm-cache\redux-thunk\1.0.3\package\package.json written
171 http 200 http://registry.npmjs.org/react-native
172 verbose headers { 'content-length': '343217',
172 verbose headers   etag: '"B3M9YA8F0J4I497HQMVLF928P"',
172 verbose headers   date: 'Thu, 05 May 2016 14:29:43 GMT',
172 verbose headers   'cache-control': 'max-age=300',
172 verbose headers   server: 'CouchDB/1.5.0 (Erlang OTP/R16B03)',
172 verbose headers   'content-type': 'application/json',
172 verbose headers   'accept-ranges': 'bytes',
172 verbose headers   'x-served-by': 'cache-lax1430-LAX',
172 verbose headers   'x-cache': 'MISS',
172 verbose headers   'x-cache-hits': '0',
172 verbose headers   'x-timer': 'S1462458583.278863,VS0,VE172',
172 verbose headers   vary: 'Accept-Encoding',
172 verbose headers   age: '1',
172 verbose headers   connection: 'keep-alive' }
173 silly get cb [ 200,
173 silly get   { 'content-length': '343217',
173 silly get     etag: '"B3M9YA8F0J4I497HQMVLF928P"',
173 silly get     date: 'Thu, 05 May 2016 14:29:43 GMT',
173 silly get     'cache-control': 'max-age=300',
173 silly get     server: 'CouchDB/1.5.0 (Erlang OTP/R16B03)',
173 silly get     'content-type': 'application/json',
173 silly get     'accept-ranges': 'bytes',
173 silly get     'x-served-by': 'cache-lax1430-LAX',
173 silly get     'x-cache': 'MISS',
173 silly get     'x-cache-hits': '0',
173 silly get     'x-timer': 'S1462458583.278863,VS0,VE172',
173 silly get     vary: 'Accept-Encoding',
173 silly get     age: '1',
173 silly get     connection: 'keep-alive' } ]
174 verbose get saving react-native to C:\Users\Administrator\AppData\Roaming\npm-cache\registry.npmjs.org\react-native\.cache.json
175 verbose correctMkdir C:\Users\Administrator\AppData\Roaming\npm-cache correctMkdir not in flight; initializing
176 silly resolveWithNewModule react-native@0.21.0 checking installable status
177 silly cache add args [ 'react-native@0.21.0', null ]
178 verbose cache add spec react-native@0.21.0
179 silly cache add parsed spec Result {
179 silly cache add   raw: 'react-native@0.21.0',
179 silly cache add   scope: null,
179 silly cache add   name: 'react-native',
179 silly cache add   rawSpec: '0.21.0',
179 silly cache add   spec: '0.21.0',
179 silly cache add   type: 'version' }
180 silly addNamed react-native@0.21.0
181 verbose addNamed "0.21.0" is a plain semver version for react-native
182 silly mapToRegistry name react-native
183 silly mapToRegistry using default registry
184 silly mapToRegistry registry http://registry.npmjs.org/
185 silly mapToRegistry data Result {
185 silly mapToRegistry   raw: 'react-native',
185 silly mapToRegistry   scope: null,
185 silly mapToRegistry   name: 'react-native',
185 silly mapToRegistry   rawSpec: '',
185 silly mapToRegistry   spec: 'latest',
185 silly mapToRegistry   type: 'tag' }
186 silly mapToRegistry uri http://registry.npmjs.org/react-native
187 verbose addNameVersion registry:http://registry.npmjs.org/react-native not in flight; fetching
188 verbose get http://registry.npmjs.org/react-native not expired, no request
189 silly mapToRegistry name react-native
190 silly mapToRegistry using default registry
191 silly mapToRegistry registry http://registry.npmjs.org/
192 silly mapToRegistry data Result {
192 silly mapToRegistry   raw: 'react-native',
192 silly mapToRegistry   scope: null,
192 silly mapToRegistry   name: 'react-native',
192 silly mapToRegistry   rawSpec: '',
192 silly mapToRegistry   spec: 'latest',
192 silly mapToRegistry   type: 'tag' }
193 silly mapToRegistry uri http://registry.npmjs.org/react-native
194 verbose addRemoteTarball http://registry.npmjs.org/react-native/-/react-native-0.21.0.tgz not in flight; adding
195 verbose addRemoteTarball [ 'http://registry.npmjs.org/react-native/-/react-native-0.21.0.tgz',
195 verbose addRemoteTarball   'c9e7f08d724452ba710c796c4467c6c515de1cb9' ]
196 info retry fetch attempt 1 at 22:30:09
197 info attempt registry request try #1 at 22:30:09
198 http fetch GET http://registry.npmjs.org/react-native/-/react-native-0.21.0.tgz
199 http fetch 200 http://registry.npmjs.org/react-native/-/react-native-0.21.0.tgz
200 silly fetchAndShaCheck shasum c9e7f08d724452ba710c796c4467c6c515de1cb9
201 silly rollbackFailedOptional Starting
202 silly rollbackFailedOptional Finishing
203 silly runTopLevelLifecycles Starting
204 silly runTopLevelLifecycles Finishing
205 silly install printInstalled
206 verbose stack Error: shasum check failed for C:\Users\ADMINI~1\AppData\Local\Temp\npm-53456-46d15997\registry.npmjs.org\react-native\-\react-native-0.21.0.tgz
206 verbose stack Expected: c9e7f08d724452ba710c796c4467c6c515de1cb9
206 verbose stack Actual:   141fe77c3a283c3b71429b6e7ac034e276449c2d
206 verbose stack From:     http://registry.npmjs.org/react-native/-/react-native-0.21.0.tgz
206 verbose stack     at C:\Users\Administrator\AppData\Roaming\npm\node_modules\npm\node_modules\sha\index.js:25:8
206 verbose stack     at ReadStream.<anonymous> (C:\Users\Administrator\AppData\Roaming\npm\node_modules\npm\node_modules\sha\index.js:72:7)
206 verbose stack     at emitNone (events.js:85:20)
206 verbose stack     at ReadStream.emit (events.js:179:7)
206 verbose stack     at endReadableNT (_stream_readable.js:906:12)
206 verbose stack     at nextTickCallbackWith2Args (node.js:475:9)
206 verbose stack     at process._tickCallback (node.js:389:17)
207 verbose cwd F:\React Native\example-react-native-redux-master\Counter
208 error Windows_NT 10.0.10586
209 error argv "F:\\nodejs-v0.12.7\\node.exe" "C:\\Users\\Administrator\\AppData\\Roaming\\npm\\node_modules\\npm\\bin\\npm-cli.js" "install"
210 error node v5.6.0
211 error npm  v3.8.6
212 error shasum check failed for C:\Users\ADMINI~1\AppData\Local\Temp\npm-53456-46d15997\registry.npmjs.org\react-native\-\react-native-0.21.0.tgz
212 error Expected: c9e7f08d724452ba710c796c4467c6c515de1cb9
212 error Actual:   141fe77c3a283c3b71429b6e7ac034e276449c2d
212 error From:     http://registry.npmjs.org/react-native/-/react-native-0.21.0.tgz
213 error If you need help, you may report this error at:
213 error     <https://github.com/npm/npm/issues>
214 verbose exit [ 1, true ]
